[2026-02-17 01:13:22 KST] [watchdog:65399] watchdog started
[2026-02-17 01:13:22 KST] [watchdog:65399] runner spawned pid=65408
[2026-02-17 01:13:23 KST] context file read as H0 baseline
[2026-02-17 01:13:23 KST] lock acquired: /tmp/rutineiq_ux_research.lock
[2026-02-17 01:13:23 KST] runner started/resumed
[2026-02-17 01:13:23 KST] cycle 1 started
[2026-02-17 01:16:59 KST] stop requested during cycle window; runner exiting
[2026-02-17 01:18:47 KST] signal received: 15; graceful shutdown requested
[2026-02-17 01:23:25 KST] stop requested during cycle window; runner exiting
[2026-02-17 01:23:25 KST] lock released
[2026-02-17 01:23:25 KST] [watchdog:65399] runner spawned pid=67962
[2026-02-17 01:23:26 KST] context file read as H0 baseline
[2026-02-17 01:23:26 KST] lock acquired: /tmp/rutineiq_ux_research.lock
[2026-02-17 01:23:26 KST] runner started/resumed
[2026-02-17 01:23:26 KST] cycle 1 started
[2026-02-17 01:25:58 KST] signal received: 15; graceful shutdown requested
/Users/taeksoojung/Desktop/RutineIQ/scripts/ux_research_watchdog.sh: line 146: 67962 Killed: 9               nohup "$RUNNER" >> "$OUT_LOG" 2>&1
[2026-02-17 01:26:26 KST] [watchdog:65399] runner spawned pid=68748
[2026-02-17 01:26:27 KST] context file read as H0 baseline
[2026-02-17 01:26:27 KST] stale lock detected; removing stale lock
[2026-02-17 01:26:27 KST] lock acquired: /tmp/rutineiq_ux_research.lock
[2026-02-17 01:26:27 KST] runner started/resumed
[2026-02-17 01:26:27 KST] cycle 1 started
[2026-02-17 01:56:27 KST] cycle 1 ended: elapsed=2584s, cycles=1, confirmed=1
[2026-02-17 01:56:27 KST] cycle 2 started
[2026-02-17 02:26:27 KST] cycle 2 ended: elapsed=4384s, cycles=2, confirmed=2
[2026-02-17 02:26:27 KST] cycle 3 started
[2026-02-17 02:56:27 KST] cycle 3 ended: elapsed=6184s, cycles=3, confirmed=3
[2026-02-17 02:56:27 KST] cycle 4 started
[2026-02-17 03:26:27 KST] cycle 4 ended: elapsed=7984s, cycles=4, confirmed=4
[2026-02-17 03:26:27 KST] cycle 5 started
[2026-02-17 03:56:27 KST] cycle 5 ended: elapsed=9784s, cycles=5, confirmed=4
[2026-02-17 03:56:27 KST] cycle 6 started
[2026-02-17 04:26:28 KST] cycle 6 ended: elapsed=11584s, cycles=6, confirmed=7
[2026-02-17 04:26:28 KST] cycle 7 started
[2026-02-17 04:56:28 KST] cycle 7 ended: elapsed=13385s, cycles=7, confirmed=8
[2026-02-17 04:56:28 KST] cycle 8 started
[2026-02-17 06:48:06 KST] cycle 8 ended: elapsed=20083s, cycles=8, confirmed=8
[2026-02-17 06:48:06 KST] cycle 9 started
[2026-02-17 08:02:35 KST] cycle 9 ended: elapsed=24552s, cycles=9, confirmed=8
[2026-02-17 08:02:35 KST] cycle 10 started
[2026-02-17 09:06:58 KST] cycle 10 ended: elapsed=28415s, cycles=10, confirmed=8
[2026-02-17 09:06:58 KST] all stop conditions met; run completed
[2026-02-17 09:06:58 KST] lock released
[2026-02-17 09:07:00 KST] [watchdog:65399] state is completed; watchdog exiting
[2026-02-17 09:07:00 KST] [watchdog:65399] watchdog exiting (code=0)
